[01-May-2024 15:00:24 Europe/Berlin] PHP Fatal error:  Uncaught Error: Call to a member function fetch_object() on bool in C:\xampp\htdocs\product\app\models\Settings.php:24
Stack trace:
#0 C:\xampp\htdocs\product\app\core\Settings.php(17): Altum\Models\Settings->get()
#1 C:\xampp\htdocs\product\app\helpers\core.php(12): Altum\Settings::initialize()
#2 C:\xampp\htdocs\product\app\core\Language.php(51): settings()
#3 C:\xampp\htdocs\product\app\core\App.php(29): Altum\Language::initialize()
#4 C:\xampp\htdocs\product\index.php(20): Altum\App->__construct()
#5 {main}
  thrown in C:\xampp\htdocs\product\app\models\Settings.php on line 24
[01-May-2024 15:05:00 Europe/Berlin] PHP Fatal error:  Uncaught Error: Call to a member function fetch_object() on bool in C:\xampp\htdocs\product\app\models\Settings.php:24
Stack trace:
#0 C:\xampp\htdocs\product\app\core\Settings.php(17): Altum\Models\Settings->get()
#1 C:\xampp\htdocs\product\app\helpers\core.php(12): Altum\Settings::initialize()
#2 C:\xampp\htdocs\product\app\core\Language.php(51): settings()
#3 C:\xampp\htdocs\product\app\core\App.php(29): Altum\Language::initialize()
#4 C:\xampp\htdocs\product\index.php(20): Altum\App->__construct()
#5 {main}
  thrown in C:\xampp\htdocs\product\app\models\Settings.php on line 24
[01-May-2024 15:05:08 Europe/Berlin] PHP Fatal error:  Uncaught Error: Call to a member function fetch_object() on bool in C:\xampp\htdocs\product\app\models\Settings.php:24
Stack trace:
#0 C:\xampp\htdocs\product\app\core\Settings.php(17): Altum\Models\Settings->get()
#1 C:\xampp\htdocs\product\app\helpers\core.php(12): Altum\Settings::initialize()
#2 C:\xampp\htdocs\product\app\core\Language.php(51): settings()
#3 C:\xampp\htdocs\product\app\core\App.php(29): Altum\Language::initialize()
#4 C:\xampp\htdocs\product\index.php(20): Altum\App->__construct()
#5 {main}
  thrown in C:\xampp\htdocs\product\app\models\Settings.php on line 24
[01-May-2024 13:28:41 UTC] PHP Warning:  Undefined property: stdClass::$force_https_is_enabled in C:\xampp\htdocs\product\app\core\App.php on line 178
[01-May-2024 13:28:41 UTC] PHP Warning:  Undefined property: stdClass::$upscaled_images_is_enabled in C:\xampp\htdocs\product\themes\altum\views\partials\plans_plan_content.php on line 48
[01-May-2024 13:28:41 UTC] PHP Warning:  Undefined property: stdClass::$removed_background_images_is_enabled in C:\xampp\htdocs\product\themes\altum\views\partials\plans_plan_content.php on line 58
[01-May-2024 13:28:41 UTC] PHP Warning:  Undefined property: stdClass::$replaced_background_images_is_enabled in C:\xampp\htdocs\product\themes\altum\views\partials\plans_plan_content.php on line 68
[01-May-2024 13:28:41 UTC] PHP Warning:  Undefined property: stdClass::$syntheses_api in C:\xampp\htdocs\product\themes\altum\views\partials\plans_plan_content.php on line 118
[01-May-2024 13:28:41 UTC] PHP Warning:  Undefined property: stdClass::$display_index_testimonials in C:\xampp\htdocs\product\themes\altum\views\index\index.php on line 248
[01-May-2024 13:28:41 UTC] PHP Warning:  Undefined property: stdClass::$display_index_faq in C:\xampp\htdocs\product\themes\altum\views\index\index.php on line 297
[01-May-2024 13:28:41 UTC] PHP Warning:  Undefined property: stdClass::$theme_style_change_is_enabled in C:\xampp\htdocs\product\themes\altum\views\partials\footer.php on line 54
[01-May-2024 13:28:42 UTC] PHP Warning:  Undefined property: stdClass::$light_ltr_is_enabled in C:\xampp\htdocs\product\app\core\ThemeStyle.php on line 34
[01-May-2024 13:28:42 UTC] PHP Warning:  Undefined property: stdClass::$ad_blocker_detector_is_enabled in C:\xampp\htdocs\product\themes\altum\views\partials\ad_blocker_detector.php on line 3
[01-May-2024 13:28:55 UTC] PHP Warning:  Undefined property: stdClass::$force_https_is_enabled in C:\xampp\htdocs\product\app\core\App.php on line 178
[01-May-2024 13:28:55 UTC] PHP Warning:  Undefined property: stdClass::$light_ltr_is_enabled in C:\xampp\htdocs\product\app\core\ThemeStyle.php on line 34
[01-May-2024 13:29:01 UTC] PHP Warning:  Undefined property: stdClass::$force_https_is_enabled in C:\xampp\htdocs\product\app\core\App.php on line 178
[01-May-2024 13:29:03 UTC] PHP Warning:  Undefined property: stdClass::$force_https_is_enabled in C:\xampp\htdocs\product\app\core\App.php on line 178
[01-May-2024 13:29:03 UTC] PHP Warning:  Undefined property: stdClass::$users_is_enabled in C:\xampp\htdocs\product\themes\altum\views\partials\app_sidebar.php on line 29
[01-May-2024 13:29:03 UTC] PHP Warning:  Undefined property: stdClass::$upscaled_images_is_enabled in C:\xampp\htdocs\product\themes\altum\views\partials\app_sidebar.php on line 61
[01-May-2024 13:29:03 UTC] PHP Warning:  Undefined property: stdClass::$removed_background_images_is_enabled in C:\xampp\htdocs\product\themes\altum\views\partials\app_sidebar.php on line 67
[01-May-2024 13:29:03 UTC] PHP Warning:  Undefined property: stdClass::$replaced_background_images_is_enabled in C:\xampp\htdocs\product\themes\altum\views\partials\app_sidebar.php on line 73
[01-May-2024 13:29:03 UTC] PHP Warning:  Undefined property: stdClass::$theme_style_change_is_enabled in C:\xampp\htdocs\product\themes\altum\views\partials\footer.php on line 54
[01-May-2024 13:29:03 UTC] PHP Warning:  Undefined property: stdClass::$light_ltr_is_enabled in C:\xampp\htdocs\product\app\core\ThemeStyle.php on line 34
[01-May-2024 13:29:03 UTC] PHP Warning:  Undefined property: stdClass::$ad_blocker_detector_is_enabled in C:\xampp\htdocs\product\themes\altum\views\partials\ad_blocker_detector.php on line 3
[01-May-2024 13:29:11 UTC] PHP Warning:  Undefined property: stdClass::$force_https_is_enabled in C:\xampp\htdocs\product\app\core\App.php on line 178
[01-May-2024 13:29:11 UTC] PHP Warning:  Undefined property: stdClass::$force_https_is_enabled in C:\xampp\htdocs\product\app\core\App.php on line 178
[01-May-2024 13:29:11 UTC] PHP Warning:  Undefined property: stdClass::$upscaled_images_is_enabled in C:\xampp\htdocs\product\themes\altum\views\partials\plans_plan_content.php on line 48
[01-May-2024 13:29:11 UTC] PHP Warning:  Undefined property: stdClass::$removed_background_images_is_enabled in C:\xampp\htdocs\product\themes\altum\views\partials\plans_plan_content.php on line 58
[01-May-2024 13:29:11 UTC] PHP Warning:  Undefined property: stdClass::$replaced_background_images_is_enabled in C:\xampp\htdocs\product\themes\altum\views\partials\plans_plan_content.php on line 68
[01-May-2024 13:29:11 UTC] PHP Warning:  Undefined property: stdClass::$syntheses_api in C:\xampp\htdocs\product\themes\altum\views\partials\plans_plan_content.php on line 118
[01-May-2024 13:29:11 UTC] PHP Warning:  Undefined property: stdClass::$display_index_testimonials in C:\xampp\htdocs\product\themes\altum\views\index\index.php on line 248
[01-May-2024 13:29:11 UTC] PHP Warning:  Undefined property: stdClass::$display_index_faq in C:\xampp\htdocs\product\themes\altum\views\index\index.php on line 297
[01-May-2024 13:29:11 UTC] PHP Warning:  Undefined property: stdClass::$theme_style_change_is_enabled in C:\xampp\htdocs\product\themes\altum\views\partials\footer.php on line 54
[01-May-2024 13:29:11 UTC] PHP Warning:  Undefined property: stdClass::$light_ltr_is_enabled in C:\xampp\htdocs\product\app\core\ThemeStyle.php on line 34
[01-May-2024 13:29:11 UTC] PHP Warning:  Undefined property: stdClass::$ad_blocker_detector_is_enabled in C:\xampp\htdocs\product\themes\altum\views\partials\ad_blocker_detector.php on line 3
[01-May-2024 13:29:38 UTC] PHP Warning:  Undefined property: stdClass::$force_https_is_enabled in C:\xampp\htdocs\product\app\core\App.php on line 178
[01-May-2024 13:29:38 UTC] PHP Warning:  Undefined property: stdClass::$light_ltr_is_enabled in C:\xampp\htdocs\product\app\core\ThemeStyle.php on line 34
[01-May-2024 13:29:43 UTC] PHP Warning:  Undefined property: stdClass::$force_https_is_enabled in C:\xampp\htdocs\product\app\core\App.php on line 178
[01-May-2024 13:29:43 UTC] PHP Warning:  Undefined property: stdClass::$upscaled_images_is_enabled in C:\xampp\htdocs\product\themes\altum\views\partials\plans_plan_content.php on line 48
[01-May-2024 13:29:43 UTC] PHP Warning:  Undefined property: stdClass::$removed_background_images_is_enabled in C:\xampp\htdocs\product\themes\altum\views\partials\plans_plan_content.php on line 58
[01-May-2024 13:29:43 UTC] PHP Warning:  Undefined property: stdClass::$replaced_background_images_is_enabled in C:\xampp\htdocs\product\themes\altum\views\partials\plans_plan_content.php on line 68
[01-May-2024 13:29:43 UTC] PHP Warning:  Undefined property: stdClass::$syntheses_api in C:\xampp\htdocs\product\themes\altum\views\partials\plans_plan_content.php on line 118
[01-May-2024 13:29:43 UTC] PHP Warning:  Undefined property: stdClass::$display_index_testimonials in C:\xampp\htdocs\product\themes\altum\views\index\index.php on line 248
[01-May-2024 13:29:43 UTC] PHP Warning:  Undefined property: stdClass::$display_index_faq in C:\xampp\htdocs\product\themes\altum\views\index\index.php on line 297
[01-May-2024 13:29:43 UTC] PHP Warning:  Undefined property: stdClass::$theme_style_change_is_enabled in C:\xampp\htdocs\product\themes\altum\views\partials\footer.php on line 54
[01-May-2024 13:29:43 UTC] PHP Warning:  Undefined property: stdClass::$light_ltr_is_enabled in C:\xampp\htdocs\product\app\core\ThemeStyle.php on line 34
[01-May-2024 13:29:43 UTC] PHP Warning:  Undefined property: stdClass::$ad_blocker_detector_is_enabled in C:\xampp\htdocs\product\themes\altum\views\partials\ad_blocker_detector.php on line 3
[01-May-2024 13:31:39 UTC] PHP Warning:  Undefined property: stdClass::$force_https_is_enabled in C:\xampp\htdocs\product\app\core\App.php on line 178
[01-May-2024 13:31:39 UTC] PHP Warning:  Undefined property: stdClass::$upscaled_images_is_enabled in C:\xampp\htdocs\product\themes\altum\views\partials\plans_plan_content.php on line 48
[01-May-2024 13:31:39 UTC] PHP Warning:  Undefined property: stdClass::$removed_background_images_is_enabled in C:\xampp\htdocs\product\themes\altum\views\partials\plans_plan_content.php on line 58
[01-May-2024 13:31:39 UTC] PHP Warning:  Undefined property: stdClass::$replaced_background_images_is_enabled in C:\xampp\htdocs\product\themes\altum\views\partials\plans_plan_content.php on line 68
[01-May-2024 13:31:39 UTC] PHP Warning:  Undefined property: stdClass::$syntheses_api in C:\xampp\htdocs\product\themes\altum\views\partials\plans_plan_content.php on line 118
[01-May-2024 13:31:39 UTC] PHP Warning:  Undefined property: stdClass::$display_index_testimonials in C:\xampp\htdocs\product\themes\altum\views\index\index.php on line 251
[01-May-2024 13:31:39 UTC] PHP Warning:  Undefined property: stdClass::$display_index_faq in C:\xampp\htdocs\product\themes\altum\views\index\index.php on line 302
[01-May-2024 13:31:39 UTC] PHP Warning:  Undefined property: stdClass::$theme_style_change_is_enabled in C:\xampp\htdocs\product\themes\altum\views\partials\footer.php on line 54
[01-May-2024 13:31:39 UTC] PHP Warning:  Undefined property: stdClass::$light_ltr_is_enabled in C:\xampp\htdocs\product\app\core\ThemeStyle.php on line 34
[01-May-2024 13:31:39 UTC] PHP Warning:  Undefined property: stdClass::$ad_blocker_detector_is_enabled in C:\xampp\htdocs\product\themes\altum\views\partials\ad_blocker_detector.php on line 3
[01-May-2024 13:31:46 UTC] PHP Warning:  Undefined property: stdClass::$force_https_is_enabled in C:\xampp\htdocs\product\app\core\App.php on line 178
[01-May-2024 13:31:46 UTC] PHP Warning:  Undefined property: stdClass::$upscaled_images_is_enabled in C:\xampp\htdocs\product\themes\altum\views\partials\plans_plan_content.php on line 48
[01-May-2024 13:31:46 UTC] PHP Warning:  Undefined property: stdClass::$removed_background_images_is_enabled in C:\xampp\htdocs\product\themes\altum\views\partials\plans_plan_content.php on line 58
[01-May-2024 13:31:46 UTC] PHP Warning:  Undefined property: stdClass::$replaced_background_images_is_enabled in C:\xampp\htdocs\product\themes\altum\views\partials\plans_plan_content.php on line 68
[01-May-2024 13:31:46 UTC] PHP Warning:  Undefined property: stdClass::$syntheses_api in C:\xampp\htdocs\product\themes\altum\views\partials\plans_plan_content.php on line 118
[01-May-2024 13:31:46 UTC] PHP Warning:  Undefined property: stdClass::$display_index_testimonials in C:\xampp\htdocs\product\themes\altum\views\index\index.php on line 251
[01-May-2024 13:31:46 UTC] PHP Warning:  Undefined property: stdClass::$display_index_faq in C:\xampp\htdocs\product\themes\altum\views\index\index.php on line 302
[01-May-2024 13:31:46 UTC] PHP Warning:  Undefined property: stdClass::$theme_style_change_is_enabled in C:\xampp\htdocs\product\themes\altum\views\partials\footer.php on line 54
[01-May-2024 13:31:46 UTC] PHP Warning:  Undefined property: stdClass::$light_ltr_is_enabled in C:\xampp\htdocs\product\app\core\ThemeStyle.php on line 34
[01-May-2024 13:31:46 UTC] PHP Warning:  Undefined property: stdClass::$ad_blocker_detector_is_enabled in C:\xampp\htdocs\product\themes\altum\views\partials\ad_blocker_detector.php on line 3
[01-May-2024 13:32:42 UTC] PHP Warning:  Undefined property: stdClass::$force_https_is_enabled in C:\xampp\htdocs\product\app\core\App.php on line 178
[01-May-2024 13:32:42 UTC] PHP Warning:  Undefined property: stdClass::$upscaled_images_is_enabled in C:\xampp\htdocs\product\themes\altum\views\partials\plans_plan_content.php on line 48
[01-May-2024 13:32:42 UTC] PHP Warning:  Undefined property: stdClass::$removed_background_images_is_enabled in C:\xampp\htdocs\product\themes\altum\views\partials\plans_plan_content.php on line 58
[01-May-2024 13:32:42 UTC] PHP Warning:  Undefined property: stdClass::$replaced_background_images_is_enabled in C:\xampp\htdocs\product\themes\altum\views\partials\plans_plan_content.php on line 68
[01-May-2024 13:32:42 UTC] PHP Warning:  Undefined property: stdClass::$syntheses_api in C:\xampp\htdocs\product\themes\altum\views\partials\plans_plan_content.php on line 118
[01-May-2024 13:32:42 UTC] PHP Warning:  Undefined property: stdClass::$display_index_testimonials in C:\xampp\htdocs\product\themes\altum\views\index\index.php on line 251
[01-May-2024 13:32:42 UTC] PHP Warning:  Undefined property: stdClass::$display_index_faq in C:\xampp\htdocs\product\themes\altum\views\index\index.php on line 302
[01-May-2024 13:32:42 UTC] PHP Warning:  Undefined property: stdClass::$theme_style_change_is_enabled in C:\xampp\htdocs\product\themes\altum\views\partials\footer.php on line 54
[01-May-2024 13:32:42 UTC] PHP Warning:  Undefined property: stdClass::$light_ltr_is_enabled in C:\xampp\htdocs\product\app\core\ThemeStyle.php on line 34
[01-May-2024 13:32:42 UTC] PHP Warning:  Undefined property: stdClass::$ad_blocker_detector_is_enabled in C:\xampp\htdocs\product\themes\altum\views\partials\ad_blocker_detector.php on line 3
[01-May-2024 13:32:45 UTC] PHP Warning:  Undefined property: stdClass::$force_https_is_enabled in C:\xampp\htdocs\product\app\core\App.php on line 178
[01-May-2024 13:32:45 UTC] PHP Warning:  Undefined property: stdClass::$upscaled_images_is_enabled in C:\xampp\htdocs\product\themes\altum\views\partials\plans_plan_content.php on line 48
[01-May-2024 13:32:45 UTC] PHP Warning:  Undefined property: stdClass::$removed_background_images_is_enabled in C:\xampp\htdocs\product\themes\altum\views\partials\plans_plan_content.php on line 58
[01-May-2024 13:32:45 UTC] PHP Warning:  Undefined property: stdClass::$replaced_background_images_is_enabled in C:\xampp\htdocs\product\themes\altum\views\partials\plans_plan_content.php on line 68
[01-May-2024 13:32:45 UTC] PHP Warning:  Undefined property: stdClass::$syntheses_api in C:\xampp\htdocs\product\themes\altum\views\partials\plans_plan_content.php on line 118
[01-May-2024 13:32:45 UTC] PHP Warning:  Undefined property: stdClass::$display_index_testimonials in C:\xampp\htdocs\product\themes\altum\views\index\index.php on line 251
[01-May-2024 13:32:45 UTC] PHP Warning:  Undefined property: stdClass::$display_index_faq in C:\xampp\htdocs\product\themes\altum\views\index\index.php on line 302
[01-May-2024 13:32:45 UTC] PHP Warning:  Undefined property: stdClass::$theme_style_change_is_enabled in C:\xampp\htdocs\product\themes\altum\views\partials\footer.php on line 54
[01-May-2024 13:32:45 UTC] PHP Warning:  Undefined property: stdClass::$light_ltr_is_enabled in C:\xampp\htdocs\product\app\core\ThemeStyle.php on line 34
[01-May-2024 13:32:45 UTC] PHP Warning:  Undefined property: stdClass::$ad_blocker_detector_is_enabled in C:\xampp\htdocs\product\themes\altum\views\partials\ad_blocker_detector.php on line 3
[01-May-2024 13:32:57 UTC] PHP Warning:  Undefined property: stdClass::$force_https_is_enabled in C:\xampp\htdocs\product\app\core\App.php on line 178
[01-May-2024 13:32:57 UTC] PHP Warning:  Undefined property: stdClass::$upscaled_images_is_enabled in C:\xampp\htdocs\product\themes\altum\views\partials\plans_plan_content.php on line 48
[01-May-2024 13:32:57 UTC] PHP Warning:  Undefined property: stdClass::$removed_background_images_is_enabled in C:\xampp\htdocs\product\themes\altum\views\partials\plans_plan_content.php on line 58
[01-May-2024 13:32:57 UTC] PHP Warning:  Undefined property: stdClass::$replaced_background_images_is_enabled in C:\xampp\htdocs\product\themes\altum\views\partials\plans_plan_content.php on line 68
[01-May-2024 13:32:57 UTC] PHP Warning:  Undefined property: stdClass::$syntheses_api in C:\xampp\htdocs\product\themes\altum\views\partials\plans_plan_content.php on line 118
[01-May-2024 13:32:57 UTC] PHP Warning:  Undefined property: stdClass::$display_index_testimonials in C:\xampp\htdocs\product\themes\altum\views\index\index.php on line 251
[01-May-2024 13:32:57 UTC] PHP Warning:  Undefined property: stdClass::$display_index_faq in C:\xampp\htdocs\product\themes\altum\views\index\index.php on line 302
[01-May-2024 13:32:57 UTC] PHP Warning:  Undefined property: stdClass::$theme_style_change_is_enabled in C:\xampp\htdocs\product\themes\altum\views\partials\footer.php on line 54
[01-May-2024 13:32:57 UTC] PHP Warning:  Undefined property: stdClass::$light_ltr_is_enabled in C:\xampp\htdocs\product\app\core\ThemeStyle.php on line 34
[01-May-2024 13:32:57 UTC] PHP Warning:  Undefined property: stdClass::$ad_blocker_detector_is_enabled in C:\xampp\htdocs\product\themes\altum\views\partials\ad_blocker_detector.php on line 3
